<?xml version="1.0" encoding="UTF-8"?>
<!-- Generated by org.testng.reporters.JUnitReportReporter -->
<testsuite skipped="0" hostname="noi-tmishra-w10" name="tests.FlipfontGetRequests" tests="3" failures="0" timestamp="05 Feb 2018 09:50:30 GMT" time="3.540" errors="0">
  <testcase name="Test_01" time="2.204" classname="tests.FlipfontGetRequests"/>
  <testcase name="Test_02" time="1.333" classname="tests.FlipfontGetRequests"/>
  <testcase name="Test_03" time="0.003" classname="tests.FlipfontGetRequests"/>
</testsuite> <!-- tests.FlipfontGetRequests -->
